14:41:28: Creating resource group General
14:41:28: Creating resource group Internal
14:41:28: Creating resource group Autodetect
14:41:28: SceneManagerFactory for type 'DefaultSceneManager' registered.
14:41:28: Registering ResourceManager for type Material
14:41:28: Registering ResourceManager for type Mesh
14:41:28: Registering ResourceManager for type Skeleton
14:41:28: MovableObjectFactory for type 'ParticleSystem' registered.
14:41:28: OverlayElementFactory for type Panel registered.
14:41:28: OverlayElementFactory for type BorderPanel registered.
14:41:28: OverlayElementFactory for type TextArea registered.
14:41:28: Registering ResourceManager for type Font
14:41:28: ArchiveFactory for archive type FileSystem registered.
14:41:28: ArchiveFactory for archive type Zip registered.
14:41:28: FreeImage version: 3.10.0
14:41:28: This program uses FreeImage, a free, open source image library supporting all common bitmap formats. See http://freeimage.sourceforge.net for details
14:41:28: Supported formats: bmp,ico,jpg,jif,jpeg,jpe,jng,koa,iff,lbm,mng,pbm,pbm,pcd,pcx,pgm,pgm,png,ppm,ppm,ras,tga,targa,tif,tiff,wap,wbmp,wbm,psd,cut,xbm,xpm,gif,hdr,g3,sgi,exr,j2k,j2c,jp2
14:41:28: DDS codec registering
14:41:28: Registering ResourceManager for type HighLevelGpuProgram
14:41:28: Registering ResourceManager for type Compositor
14:41:28: MovableObjectFactory for type 'Entity' registered.
14:41:28: MovableObjectFactory for type 'Light' registered.
14:41:28: MovableObjectFactory for type 'BillboardSet' registered.
14:41:28: MovableObjectFactory for type 'ManualObject' registered.
14:41:28: MovableObjectFactory for type 'BillboardChain' registered.
14:41:28: MovableObjectFactory for type 'RibbonTrail' registered.
14:41:28: OGRE EXCEPTION(6:FileNotFoundException): 'plugins.cfg' file not found! in ConfigFile::load at ..\src\OgreConfigFile.cpp (line 84)
14:41:28: plugins.cfg not found, automatic plugin loading disabled.
14:41:28: *-*-* OGRE Initialising
14:41:28: *-*-* Version 1.6.1 (Shoggoth)
14:41:28: OGRE EXCEPTION(6:FileNotFoundException): 'ogre.cfg' file not found! in ConfigFile::load at ..\src\OgreConfigFile.cpp (line 84)
14:41:31: OGRE EXCEPTION(1:InvalidStateException): Cannot initialise - no render system has been selected. in Root::initialise at ..\src\OgreRoot.cpp (line 510)
14:41:31: *-*-* OGRE Shutdown
14:41:31: Unregistering ResourceManager for type Compositor
14:41:31: Unregistering ResourceManager for type Font
14:41:31: Unregistering ResourceManager for type Skeleton
14:41:31: Unregistering ResourceManager for type Mesh
14:41:31: Unregistering ResourceManager for type HighLevelGpuProgram
14:41:31: Unregistering ResourceManager for type Material
