16:20:12: Creating resource group General
16:20:12: Creating resource group Internal
16:20:12: Creating resource group Autodetect
16:20:12: Registering ResourceManager for type Mesh
16:20:12: Registering ResourceManager for type Material
16:20:12: Registering ResourceManager for type Skeleton
16:20:12: XMLMeshSerializer reading mesh data from /home/fish/Flow/flow/trunk/resources/levels/EndDrain.mesh.xml...
16:20:12: Reading submeshes...
16:20:12: Reading geometry...
16:20:12: Geometry done...
16:20:12: Submeshes done.
16:20:12: XMLMeshSerializer import successful.
16:20:12: Reorganising vertex buffers to automatic layout..
16:20:12: MeshSerializer writing mesh data to /home/fish/Flow/flow/trunk/resources/levels/EndDrain.mesh...
16:20:12: File header written.
16:20:12: Writing mesh data...
16:20:12: Writing submesh...
16:20:12: Exporting submesh texture aliases...
16:20:12: Submesh texture aliases exported.
16:20:12: Submesh exported.
16:20:12: Exporting bounds information....
16:20:12: Bounds information exported.
16:20:12: Exporting submesh name table...
16:20:12: Submesh name table exported.
16:20:12: Exporting edge lists...
16:20:12: Edge lists exported
16:20:12: Mesh data exported.
16:20:12: MeshSerializer export successful.
16:20:12: Unregistering ResourceManager for type Skeleton
16:20:12: Unregistering ResourceManager for type Material
16:20:12: Unregistering ResourceManager for type Mesh
